# Logfile created on 2014-01-29 09:48:51 -0200 by logger.rb/44203
I, [2014-01-29T09:48:51.358561 #66494]  INFO -- : 0:  rake (10.1.1) from /Users/fredguth/.rvm/gems/ruby-2.1.0/specifications/rake-10.1.1.gemspec
I, [2014-01-29T09:48:51.378288 #66494]  INFO -- : 0:  i18n (0.6.9) from /Users/fredguth/.rvm/gems/ruby-2.1.0@global/specifications/i18n-0.6.9.gemspec
I, [2014-01-29T09:48:51.379099 #66494]  INFO -- : 0:  minitest (4.7.5) from /Users/fredguth/.rvm/rubies/ruby-2.1.0/lib/ruby/gems/2.1.0/specifications/default/minitest-4.7.5.gemspec
I, [2014-01-29T09:48:51.379853 #66494]  INFO -- : 0:  multi_json (1.8.4) from /Users/fredguth/.rvm/gems/ruby-2.1.0/specifications/multi_json-1.8.4.gemspec
I, [2014-01-29T09:48:51.380930 #66494]  INFO -- : 0:  atomic (1.1.14) from /Users/fredguth/.rvm/gems/ruby-2.1.0@global/specifications/atomic-1.1.14.gemspec
I, [2014-01-29T09:48:51.381394 #66494]  INFO -- : 0:  thread_safe (0.1.3) from /Users/fredguth/.rvm/gems/ruby-2.1.0@global/specifications/thread_safe-0.1.3.gemspec
I, [2014-01-29T09:48:51.381721 #66494]  INFO -- : 0:  tzinfo (0.3.38) from /Users/fredguth/.rvm/gems/ruby-2.1.0@global/specifications/tzinfo-0.3.38.gemspec
I, [2014-01-29T09:48:51.382069 #66494]  INFO -- : 0:  activesupport (4.0.2) from /Users/fredguth/.rvm/gems/ruby-2.1.0@global/specifications/activesupport-4.0.2.gemspec
I, [2014-01-29T09:48:51.382378 #66494]  INFO -- : 0:  builder (3.1.4) from /Users/fredguth/.rvm/gems/ruby-2.1.0@global/specifications/builder-3.1.4.gemspec
I, [2014-01-29T09:48:51.382739 #66494]  INFO -- : 0:  erubis (2.7.0) from /Users/fredguth/.rvm/gems/ruby-2.1.0@global/specifications/erubis-2.7.0.gemspec
I, [2014-01-29T09:48:51.383057 #66494]  INFO -- : 0:  rack (1.5.2) from /Users/fredguth/.rvm/gems/ruby-2.1.0@global/specifications/rack-1.5.2.gemspec
I, [2014-01-29T09:48:51.383376 #66494]  INFO -- : 0:  rack-test (0.6.2) from /Users/fredguth/.rvm/gems/ruby-2.1.0@global/specifications/rack-test-0.6.2.gemspec
I, [2014-01-29T09:48:51.383719 #66494]  INFO -- : 0:  actionpack (4.0.2) from /Users/fredguth/.rvm/gems/ruby-2.1.0@global/specifications/actionpack-4.0.2.gemspec
I, [2014-01-29T09:48:51.384045 #66494]  INFO -- : 0:  mime-types (1.25.1) from /Users/fredguth/.rvm/gems/ruby-2.1.0@global/specifications/mime-types-1.25.1.gemspec
I, [2014-01-29T09:48:51.384368 #66494]  INFO -- : 0:  polyglot (0.3.3) from /Users/fredguth/.rvm/gems/ruby-2.1.0@global/specifications/polyglot-0.3.3.gemspec
I, [2014-01-29T09:48:51.384691 #66494]  INFO -- : 0:  treetop (1.4.15) from /Users/fredguth/.rvm/gems/ruby-2.1.0@global/specifications/treetop-1.4.15.gemspec
I, [2014-01-29T09:48:51.385034 #66494]  INFO -- : 0:  mail (2.5.4) from /Users/fredguth/.rvm/gems/ruby-2.1.0@global/specifications/mail-2.5.4.gemspec
I, [2014-01-29T09:48:51.386471 #66494]  INFO -- : 0:  actionmailer (4.0.2) from /Users/fredguth/.rvm/gems/ruby-2.1.0@global/specifications/actionmailer-4.0.2.gemspec
I, [2014-01-29T09:48:51.387242 #66494]  INFO -- : 0:  activemodel (4.0.2) from /Users/fredguth/.rvm/gems/ruby-2.1.0@global/specifications/activemodel-4.0.2.gemspec
I, [2014-01-29T09:48:51.388006 #66494]  INFO -- : 0:  activerecord-deprecated_finders (1.0.3) from /Users/fredguth/.rvm/gems/ruby-2.1.0@global/specifications/activerecord-deprecated_finders-1.0.3.gemspec
I, [2014-01-29T09:48:51.388769 #66494]  INFO -- : 0:  arel (4.0.1) from /Users/fredguth/.rvm/gems/ruby-2.1.0@global/specifications/arel-4.0.1.gemspec
I, [2014-01-29T09:48:51.389327 #66494]  INFO -- : 0:  activerecord (4.0.2) from /Users/fredguth/.rvm/gems/ruby-2.1.0@global/specifications/activerecord-4.0.2.gemspec
I, [2014-01-29T09:48:52.926306 #66494]  INFO -- : 0:  ansi (1.4.3) from /Users/fredguth/.rvm/gems/ruby-2.1.0/specifications/ansi-1.4.3.gemspec
I, [2014-01-29T09:48:52.926846 #66494]  INFO -- : 0:  bundler (1.5.1) from /Users/fredguth/.rvm/gems/ruby-2.1.0@global/specifications/bundler-1.5.1.gemspec
I, [2014-01-29T09:48:52.927247 #66494]  INFO -- : 0:  mini_portile (0.5.2) from /Users/fredguth/.rvm/gems/ruby-2.1.0/specifications/mini_portile-0.5.2.gemspec
I, [2014-01-29T09:48:52.929026 #66494]  INFO -- : 0:  nokogiri (1.6.1) from /Users/fredguth/.rvm/gems/ruby-2.1.0/specifications/nokogiri-1.6.1.gemspec
I, [2014-01-29T09:48:53.506805 #66494]  INFO -- : 0:  xpath (2.0.0) from /Users/fredguth/.rvm/gems/ruby-2.1.0/specifications/xpath-2.0.0.gemspec
I, [2014-01-29T09:48:54.373600 #66494]  INFO -- : 0:  capybara (2.2.1) from /Users/fredguth/.rvm/gems/ruby-2.1.0/specifications/capybara-2.2.1.gemspec
I, [2014-01-29T09:48:54.939375 #66494]  INFO -- : 0:  cliver (0.3.2) from /Users/fredguth/.rvm/gems/ruby-2.1.0/specifications/cliver-0.3.2.gemspec
I, [2014-01-29T09:48:56.141965 #66494]  INFO -- : 0:  coffee-script-source (1.7.0) from /Users/fredguth/.rvm/gems/ruby-2.1.0/specifications/coffee-script-source-1.7.0.gemspec
I, [2014-01-29T09:48:56.142419 #66494]  INFO -- : 0:  execjs (2.0.2) from /Users/fredguth/.rvm/gems/ruby-2.1.0/specifications/execjs-2.0.2.gemspec
I, [2014-01-29T09:48:56.142725 #66494]  INFO -- : 0:  coffee-script (2.2.0) from /Users/fredguth/.rvm/gems/ruby-2.1.0/specifications/coffee-script-2.2.0.gemspec
I, [2014-01-29T09:48:56.143030 #66494]  INFO -- : 0:  thor (0.18.1) from /Users/fredguth/.rvm/gems/ruby-2.1.0@global/specifications/thor-0.18.1.gemspec
I, [2014-01-29T09:48:56.143343 #66494]  INFO -- : 0:  railties (4.0.2) from /Users/fredguth/.rvm/gems/ruby-2.1.0@global/specifications/railties-4.0.2.gemspec
I, [2014-01-29T09:48:56.143644 #66494]  INFO -- : 0:  coffee-rails (4.0.1) from /Users/fredguth/.rvm/gems/ruby-2.1.0/specifications/coffee-rails-4.0.1.gemspec
I, [2014-01-29T09:48:56.143949 #66494]  INFO -- : 0:  hike (1.2.3) from /Users/fredguth/.rvm/gems/ruby-2.1.0@global/specifications/hike-1.2.3.gemspec
I, [2014-01-29T09:48:58.271067 #66494]  INFO -- : 0:  jquery-rails (3.1.0) from /Users/fredguth/.rvm/gems/ruby-2.1.0/specifications/jquery-rails-3.1.0.gemspec
I, [2014-01-29T09:48:58.271582 #66494]  INFO -- : 0:  json (1.8.1) from /Users/fredguth/.rvm/rubies/ruby-2.1.0/lib/ruby/gems/2.1.0/specifications/default/json-1.8.1.gemspec
I, [2014-01-29T09:49:04.468417 #66494]  INFO -- : 0:  websocket-driver (0.3.2) from /Users/fredguth/.rvm/gems/ruby-2.1.0/specifications/websocket-driver-0.3.2.gemspec
I, [2014-01-29T09:49:05.075961 #66494]  INFO -- : 0:  poltergeist (1.5.0) from /Users/fredguth/.rvm/gems/ruby-2.1.0/specifications/poltergeist-1.5.0.gemspec
I, [2014-01-29T09:49:05.076610 #66494]  INFO -- : 0:  tilt (1.4.1) from /Users/fredguth/.rvm/gems/ruby-2.1.0@global/specifications/tilt-1.4.1.gemspec
I, [2014-01-29T09:49:05.077081 #66494]  INFO -- : 0:  sprockets (2.10.1) from /Users/fredguth/.rvm/gems/ruby-2.1.0@global/specifications/sprockets-2.10.1.gemspec
I, [2014-01-29T09:49:05.077535 #66494]  INFO -- : 0:  sprockets-rails (2.0.1) from /Users/fredguth/.rvm/gems/ruby-2.1.0@global/specifications/sprockets-rails-2.0.1.gemspec
I, [2014-01-29T09:49:05.077979 #66494]  INFO -- : 0:  rails (4.0.2) from /Users/fredguth/.rvm/gems/ruby-2.1.0@global/specifications/rails-4.0.2.gemspec
I, [2014-01-29T09:49:05.078418 #66494]  INFO -- : 0:  sass (3.2.14) from /Users/fredguth/.rvm/gems/ruby-2.1.0/specifications/sass-3.2.14.gemspec
I, [2014-01-29T09:49:05.078867 #66494]  INFO -- : 0:  sass-rails (4.0.1) from /Users/fredguth/.rvm/gems/ruby-2.1.0/specifications/sass-rails-4.0.1.gemspec
I, [2014-01-29T09:49:05.079319 #66494]  INFO -- : 0:  sqlite3 (1.3.8) from /Users/fredguth/.rvm/gems/ruby-2.1.0/specifications/sqlite3-1.3.8.gemspec
I, [2014-01-29T09:49:05.767534 #66494]  INFO -- : 0:  turn (0.9.6) from /Users/fredguth/.rvm/gems/ruby-2.1.0/specifications/turn-0.9.6.gemspec
I, [2014-01-29T09:49:05.768168 #66494]  INFO -- : 0:  uglifier (2.4.0) from /Users/fredguth/.rvm/gems/ruby-2.1.0/specifications/uglifier-2.4.0.gemspec
I, [2014-01-29T09:49:23.308182 #66598]  INFO -- : 0:  rake (10.1.1) from /Users/fredguth/.rvm/gems/ruby-2.1.0/specifications/rake-10.1.1.gemspec
I, [2014-01-29T09:49:23.308764 #66598]  INFO -- : 0:  i18n (0.6.9) from /Users/fredguth/.rvm/gems/ruby-2.1.0@global/specifications/i18n-0.6.9.gemspec
I, [2014-01-29T09:49:23.309248 #66598]  INFO -- : 0:  minitest (4.7.5) from /Users/fredguth/.rvm/rubies/ruby-2.1.0/lib/ruby/gems/2.1.0/specifications/default/minitest-4.7.5.gemspec
I, [2014-01-29T09:49:23.309886 #66598]  INFO -- : 0:  multi_json (1.8.4) from /Users/fredguth/.rvm/gems/ruby-2.1.0/specifications/multi_json-1.8.4.gemspec
I, [2014-01-29T09:49:23.310447 #66598]  INFO -- : 0:  atomic (1.1.14) from /Users/fredguth/.rvm/gems/ruby-2.1.0@global/specifications/atomic-1.1.14.gemspec
I, [2014-01-29T09:49:23.310986 #66598]  INFO -- : 0:  thread_safe (0.1.3) from /Users/fredguth/.rvm/gems/ruby-2.1.0@global/specifications/thread_safe-0.1.3.gemspec
I, [2014-01-29T09:49:23.311412 #66598]  INFO -- : 0:  tzinfo (0.3.38) from /Users/fredguth/.rvm/gems/ruby-2.1.0@global/specifications/tzinfo-0.3.38.gemspec
I, [2014-01-29T09:49:23.311734 #66598]  INFO -- : 0:  activesupport (4.0.2) from /Users/fredguth/.rvm/gems/ruby-2.1.0@global/specifications/activesupport-4.0.2.gemspec
I, [2014-01-29T09:49:23.312051 #66598]  INFO -- : 0:  builder (3.1.4) from /Users/fredguth/.rvm/gems/ruby-2.1.0@global/specifications/builder-3.1.4.gemspec
I, [2014-01-29T09:49:23.312380 #66598]  INFO -- : 0:  erubis (2.7.0) from /Users/fredguth/.rvm/gems/ruby-2.1.0@global/specifications/erubis-2.7.0.gemspec
I, [2014-01-29T09:49:23.312694 #66598]  INFO -- : 0:  rack (1.5.2) from /Users/fredguth/.rvm/gems/ruby-2.1.0@global/specifications/rack-1.5.2.gemspec
I, [2014-01-29T09:49:23.313013 #66598]  INFO -- : 0:  rack-test (0.6.2) from /Users/fredguth/.rvm/gems/ruby-2.1.0@global/specifications/rack-test-0.6.2.gemspec
I, [2014-01-29T09:49:23.313336 #66598]  INFO -- : 0:  actionpack (4.0.2) from /Users/fredguth/.rvm/gems/ruby-2.1.0@global/specifications/actionpack-4.0.2.gemspec
I, [2014-01-29T09:49:23.313648 #66598]  INFO -- : 0:  mime-types (1.25.1) from /Users/fredguth/.rvm/gems/ruby-2.1.0@global/specifications/mime-types-1.25.1.gemspec
I, [2014-01-29T09:49:23.313972 #66598]  INFO -- : 0:  polyglot (0.3.3) from /Users/fredguth/.rvm/gems/ruby-2.1.0@global/specifications/polyglot-0.3.3.gemspec
I, [2014-01-29T09:49:23.314287 #66598]  INFO -- : 0:  treetop (1.4.15) from /Users/fredguth/.rvm/gems/ruby-2.1.0@global/specifications/treetop-1.4.15.gemspec
I, [2014-01-29T09:49:23.314604 #66598]  INFO -- : 0:  mail (2.5.4) from /Users/fredguth/.rvm/gems/ruby-2.1.0@global/specifications/mail-2.5.4.gemspec
I, [2014-01-29T09:49:23.314933 #66598]  INFO -- : 0:  actionmailer (4.0.2) from /Users/fredguth/.rvm/gems/ruby-2.1.0@global/specifications/actionmailer-4.0.2.gemspec
I, [2014-01-29T09:49:23.315247 #66598]  INFO -- : 0:  activemodel (4.0.2) from /Users/fredguth/.rvm/gems/ruby-2.1.0@global/specifications/activemodel-4.0.2.gemspec
I, [2014-01-29T09:49:23.315615 #66598]  INFO -- : 0:  activerecord-deprecated_finders (1.0.3) from /Users/fredguth/.rvm/gems/ruby-2.1.0@global/specifications/activerecord-deprecated_finders-1.0.3.gemspec
I, [2014-01-29T09:49:23.315926 #66598]  INFO -- : 0:  arel (4.0.1) from /Users/fredguth/.rvm/gems/ruby-2.1.0@global/specifications/arel-4.0.1.gemspec
I, [2014-01-29T09:49:23.316267 #66598]  INFO -- : 0:  activerecord (4.0.2) from /Users/fredguth/.rvm/gems/ruby-2.1.0@global/specifications/activerecord-4.0.2.gemspec
I, [2014-01-29T09:49:23.316595 #66598]  INFO -- : 0:  ansi (1.4.3) from /Users/fredguth/.rvm/gems/ruby-2.1.0/specifications/ansi-1.4.3.gemspec
I, [2014-01-29T09:49:23.316892 #66598]  INFO -- : 0:  bundler (1.5.1) from /Users/fredguth/.rvm/gems/ruby-2.1.0@global/specifications/bundler-1.5.1.gemspec
I, [2014-01-29T09:49:23.317207 #66598]  INFO -- : 0:  mini_portile (0.5.2) from /Users/fredguth/.rvm/gems/ruby-2.1.0/specifications/mini_portile-0.5.2.gemspec
I, [2014-01-29T09:49:23.317715 #66598]  INFO -- : 0:  nokogiri (1.6.1) from /Users/fredguth/.rvm/gems/ruby-2.1.0/specifications/nokogiri-1.6.1.gemspec
I, [2014-01-29T09:49:23.318021 #66598]  INFO -- : 0:  xpath (2.0.0) from /Users/fredguth/.rvm/gems/ruby-2.1.0/specifications/xpath-2.0.0.gemspec
I, [2014-01-29T09:49:23.318404 #66598]  INFO -- : 0:  capybara (2.2.1) from /Users/fredguth/.rvm/gems/ruby-2.1.0/specifications/capybara-2.2.1.gemspec
I, [2014-01-29T09:49:23.318805 #66598]  INFO -- : 0:  cliver (0.3.2) from /Users/fredguth/.rvm/gems/ruby-2.1.0/specifications/cliver-0.3.2.gemspec
I, [2014-01-29T09:49:23.319140 #66598]  INFO -- : 0:  coffee-script-source (1.7.0) from /Users/fredguth/.rvm/gems/ruby-2.1.0/specifications/coffee-script-source-1.7.0.gemspec
I, [2014-01-29T09:49:23.319465 #66598]  INFO -- : 0:  execjs (2.0.2) from /Users/fredguth/.rvm/gems/ruby-2.1.0/specifications/execjs-2.0.2.gemspec
I, [2014-01-29T09:49:23.319776 #66598]  INFO -- : 0:  coffee-script (2.2.0) from /Users/fredguth/.rvm/gems/ruby-2.1.0/specifications/coffee-script-2.2.0.gemspec
I, [2014-01-29T09:49:23.320119 #66598]  INFO -- : 0:  thor (0.18.1) from /Users/fredguth/.rvm/gems/ruby-2.1.0@global/specifications/thor-0.18.1.gemspec
I, [2014-01-29T09:49:23.320430 #66598]  INFO -- : 0:  railties (4.0.2) from /Users/fredguth/.rvm/gems/ruby-2.1.0@global/specifications/railties-4.0.2.gemspec
I, [2014-01-29T09:49:23.320716 #66598]  INFO -- : 0:  coffee-rails (4.0.1) from /Users/fredguth/.rvm/gems/ruby-2.1.0/specifications/coffee-rails-4.0.1.gemspec
I, [2014-01-29T09:49:23.321021 #66598]  INFO -- : 0:  hike (1.2.3) from /Users/fredguth/.rvm/gems/ruby-2.1.0@global/specifications/hike-1.2.3.gemspec
I, [2014-01-29T09:49:23.321727 #66598]  INFO -- : 0:  jquery-rails (3.1.0) from /Users/fredguth/.rvm/gems/ruby-2.1.0/specifications/jquery-rails-3.1.0.gemspec
I, [2014-01-29T09:49:23.322050 #66598]  INFO -- : 0:  json (1.8.1) from /Users/fredguth/.rvm/rubies/ruby-2.1.0/lib/ruby/gems/2.1.0/specifications/default/json-1.8.1.gemspec
I, [2014-01-29T09:49:23.322341 #66598]  INFO -- : 0:  websocket-driver (0.3.2) from /Users/fredguth/.rvm/gems/ruby-2.1.0/specifications/websocket-driver-0.3.2.gemspec
I, [2014-01-29T09:49:23.322648 #66598]  INFO -- : 0:  poltergeist (1.5.0) from /Users/fredguth/.rvm/gems/ruby-2.1.0/specifications/poltergeist-1.5.0.gemspec
I, [2014-01-29T09:49:23.322952 #66598]  INFO -- : 0:  tilt (1.4.1) from /Users/fredguth/.rvm/gems/ruby-2.1.0@global/specifications/tilt-1.4.1.gemspec
I, [2014-01-29T09:49:23.323260 #66598]  INFO -- : 0:  sprockets (2.10.1) from /Users/fredguth/.rvm/gems/ruby-2.1.0@global/specifications/sprockets-2.10.1.gemspec
I, [2014-01-29T09:49:23.323546 #66598]  INFO -- : 0:  sprockets-rails (2.0.1) from /Users/fredguth/.rvm/gems/ruby-2.1.0@global/specifications/sprockets-rails-2.0.1.gemspec
I, [2014-01-29T09:49:23.323875 #66598]  INFO -- : 0:  rails (4.0.2) from /Users/fredguth/.rvm/gems/ruby-2.1.0@global/specifications/rails-4.0.2.gemspec
I, [2014-01-29T09:49:23.326000 #66598]  INFO -- : 0:  sass (3.2.14) from /Users/fredguth/.rvm/gems/ruby-2.1.0/specifications/sass-3.2.14.gemspec
I, [2014-01-29T09:49:23.326807 #66598]  INFO -- : 0:  sass-rails (4.0.1) from /Users/fredguth/.rvm/gems/ruby-2.1.0/specifications/sass-rails-4.0.1.gemspec
I, [2014-01-29T09:49:23.327356 #66598]  INFO -- : 0:  sqlite3 (1.3.8) from /Users/fredguth/.rvm/gems/ruby-2.1.0/specifications/sqlite3-1.3.8.gemspec
I, [2014-01-29T09:49:23.327786 #66598]  INFO -- : 0:  turn (0.9.6) from /Users/fredguth/.rvm/gems/ruby-2.1.0/specifications/turn-0.9.6.gemspec
I, [2014-01-29T09:49:23.328161 #66598]  INFO -- : 0:  uglifier (2.4.0) from /Users/fredguth/.rvm/gems/ruby-2.1.0/specifications/uglifier-2.4.0.gemspec
